<?xml version="1.0" encoding="UTF-8"?>
<!-- Generated by org.testng.reporters.JUnitXMLReporter -->
<testsuite hostname="SYS" ignored="0" name="validate shoppingCartPage" tests="1" failures="1" timestamp="27 Jan 2018 07:38:31 GMT" time="88.827" errors="0">
  <testcase name="validateCotWithDrawersPage" time="76.878" classname="IKEAProject.ShoppingCartPageTest">
    <failure type="java.lang.AssertionError" message="expected [true] but found [false]">
      <![CDATA[java.lang.AssertionError: expected [true] but found [false]at IKEAProject.ShoppingCartPageTest.validateCotWithDrawersPage(ShoppingCartPageTest.java:42)... Removed 33 stack frames]]>
    </failure>
  </testcase> <!-- validateCotWithDrawersPage -->
</testsuite> <!-- validate shoppingCartPage -->
