<?xml version="1.0" encoding="UTF-8"?>
<!-- Generated by org.testng.reporters.JUnitXMLReporter -->
<testsuite hostname="SYS" ignored="0" name="validate cotWithDrawersPage" tests="1" failures="1" timestamp="27 Jan 2018 07:37:02 GMT" time="95.889" errors="0">
  <testcase name="validateCotWithDrawersPage" time="84.039" classname="IKEAProject.CotWithDrawersTest">
    <failure type="java.lang.AssertionError" message="expected [true] but found [false]">
      <![CDATA[java.lang.AssertionError: expected [true] but found [false]at IKEAProject.CotWithDrawersTest.validateCotWithDrawersPage(CotWithDrawersTest.java:49)... Removed 33 stack frames]]>
    </failure>
  </testcase> <!-- validateCotWithDrawersPage -->
</testsuite> <!-- validate cotWithDrawersPage -->
