<?xml version="1.0" encoding="UTF-8"?>
<testng-results skipped="0" failed="2" ignored="0" total="6" passed="4">
  <reporter-output>
  </reporter-output>
  <suite name="Suite" duration-ms="532231" started-at="2018-01-27T07:32:26Z" finished-at="2018-01-27T07:41:19Z">
    <groups>
    </groups>
    <test name="validate homePage" duration-ms="17994" started-at="2018-01-27T07:32:26Z" finished-at="2018-01-27T07:32:44Z">
      <class name="IKEAProject.HomePageTest">
        <test-method status="PASS" signature="Initilize()[pri:0, instance:IKEAProject.HomePageTest@b494a6]" name="Initilize" is-config="true" duration-ms="13482" started-at="2018-01-27T08:32:26Z" finished-at="2018-01-27T08:32:40Z">
          <reporter-output>
          </reporter-output>
        </test-method> <!-- Initilize -->
        <test-method status="PASS" signature="homePageNavigationTest()[pri:0, instance:IKEAProject.HomePageTest@b494a6]" name="homePageNavigationTest" duration-ms="1793" started-at="2018-01-27T08:32:40Z" finished-at="2018-01-27T08:32:42Z">
          <reporter-output>
          </reporter-output>
        </test-method> <!-- homePageNavigationTest -->
        <test-method status="PASS" signature="teardown()[pri:0, instance:IKEAProject.HomePageTest@b494a6]" name="teardown" is-config="true" duration-ms="2621" started-at="2018-01-27T08:32:42Z" finished-at="2018-01-27T08:32:44Z">
          <reporter-output>
          </reporter-output>
        </test-method> <!-- teardown -->
      </class> <!-- IKEAProject.HomePageTest -->
    </test> <!-- validate homePage -->
    <test name="validate singaporePage" duration-ms="71340" started-at="2018-01-27T07:32:45Z" finished-at="2018-01-27T07:33:56Z">
      <class name="IKEAProject.SingaporePageTest">
        <test-method status="PASS" signature="Initialize()[pri:0, instance:IKEAProject.SingaporePageTest@3a4799]" name="Initialize" is-config="true" duration-ms="8589" started-at="2018-01-27T08:32:45Z" finished-at="2018-01-27T08:32:53Z">
          <reporter-output>
          </reporter-output>
        </test-method> <!-- Initialize -->
        <test-method status="PASS" signature="validateCountry()[pri:0, instance:IKEAProject.SingaporePageTest@3a4799]" name="validateCountry" duration-ms="60044" started-at="2018-01-27T08:32:53Z" finished-at="2018-01-27T08:33:53Z">
          <reporter-output>
          </reporter-output>
        </test-method> <!-- validateCountry -->
        <test-method status="PASS" signature="teardown()[pri:0, instance:IKEAProject.SingaporePageTest@3a4799]" name="teardown" is-config="true" duration-ms="2702" started-at="2018-01-27T08:33:53Z" finished-at="2018-01-27T08:33:56Z">
          <reporter-output>
          </reporter-output>
        </test-method> <!-- teardown -->
      </class> <!-- IKEAProject.SingaporePageTest -->
    </test> <!-- validate singaporePage -->
    <test name="validate cotspage" duration-ms="90203" started-at="2018-01-27T07:33:56Z" finished-at="2018-01-27T07:35:26Z">
      <class name="IKEAProject.CotsPageTest">
        <test-method status="PASS" signature="Initialize()[pri:0, instance:IKEAProject.CotsPageTest@11cdd8a]" name="Initialize" is-config="true" duration-ms="8106" started-at="2018-01-27T08:33:56Z" finished-at="2018-01-27T08:34:04Z">
          <reporter-output>
          </reporter-output>
        </test-method> <!-- Initialize -->
        <test-method status="PASS" signature="validateCotsPage()[pri:0, instance:IKEAProject.CotsPageTest@11cdd8a]" name="validateCotsPage" duration-ms="79591" started-at="2018-01-27T08:34:04Z" finished-at="2018-01-27T08:35:24Z">
          <reporter-output>
          </reporter-output>
        </test-method> <!-- validateCotsPage -->
        <test-method status="PASS" signature="tearDown()[pri:0, instance:IKEAProject.CotsPageTest@11cdd8a]" name="tearDown" is-config="true" duration-ms="2506" started-at="2018-01-27T08:35:24Z" finished-at="2018-01-27T08:35:26Z">
          <reporter-output>
          </reporter-output>
        </test-method> <!-- tearDown -->
      </class> <!-- IKEAProject.CotsPageTest -->
    </test> <!-- validate cotspage -->
    <test name="validate cotWithDrawersPage" duration-ms="95889" started-at="2018-01-27T07:35:26Z" finished-at="2018-01-27T07:37:02Z">
      <class name="IKEAProject.CotWithDrawersTest">
        <test-method status="PASS" signature="Initialize()[pri:0, instance:IKEAProject.CotWithDrawersTest@503868]" name="Initialize" is-config="true" duration-ms="8700" started-at="2018-01-27T08:35:26Z" finished-at="2018-01-27T08:35:35Z">
          <reporter-output>
          </reporter-output>
        </test-method> <!-- Initialize -->
        <test-method status="FAIL" signature="validateCotWithDrawersPage()[pri:0, instance:IKEAProject.CotWithDrawersTest@503868]" name="validateCotWithDrawersPage" duration-ms="84039" started-at="2018-01-27T08:35:35Z" finished-at="2018-01-27T08:36:59Z">
          <exception class="java.lang.AssertionError">
            <message>
              <![CDATA[expected [true] but found [false]]]>
            </message>
            <full-stacktrace>
              <![CDATA[java.lang.AssertionError: expected [true] but found [false]at org.testng.Assert.fail(Assert.java:96)at org.testng.Assert.failNotEquals(Assert.java:776)at org.testng.Assert.assertTrue(Assert.java:44)at org.testng.Assert.assertTrue(Assert.java:54)at IKEAProject.CotWithDrawersTest.validateCotWithDrawersPage(CotWithDrawersTest.java:49)at sun.reflect.NativeMethodAccessorImpl.invoke0(Native Method)at sun.reflect.NativeMethodAccessorImpl.invoke(NativeMethodAccessorImpl.java:62)at sun.reflect.DelegatingMethodAccessorImpl.invoke(DelegatingMethodAccessorImpl.java:43)at java.lang.reflect.Method.invoke(Method.java:498)at org.testng.internal.MethodInvocationHelper.invokeMethod(MethodInvocationHelper.java:124)at org.testng.internal.Invoker.invokeMethod(Invoker.java:571)at org.testng.internal.Invoker.invokeTestMethod(Invoker.java:707)at org.testng.internal.Invoker.invokeTestMethods(Invoker.java:979)at org.testng.internal.TestMethodWorker.invokeTestMethods(TestMethodWorker.java:125)at org.testng.internal.TestMethodWorker.run(TestMethodWorker.java:109)at org.testng.TestRunner.privateRun(TestRunner.java:648)at org.testng.TestRunner.run(TestRunner.java:505)at org.testng.SuiteRunner.runTest(SuiteRunner.java:455)at org.testng.SuiteRunner.runSequentially(SuiteRunner.java:450)at org.testng.SuiteRunner.privateRun(SuiteRunner.java:415)at org.testng.SuiteRunner.run(SuiteRunner.java:364)at org.testng.SuiteRunnerWorker.runSuite(SuiteRunnerWorker.java:52)at org.testng.SuiteRunnerWorker.run(SuiteRunnerWorker.java:84)at org.testng.TestNG.runSuitesSequentially(TestNG.java:1187)at org.testng.TestNG.runSuitesLocally(TestNG.java:1116)at org.testng.TestNG.runSuites(TestNG.java:1028)at org.testng.TestNG.run(TestNG.java:996)at org.apache.maven.surefire.testng.TestNGExecutor.run(TestNGExecutor.java:283)at org.apache.maven.surefire.testng.TestNGXmlTestSuite.execute(TestNGXmlTestSuite.java:75)at org.apache.maven.surefire.testng.TestNGProvider.invoke(TestNGProvider.java:120)at org.apache.maven.surefire.booter.ForkedBooter.invokeProviderInSameClassLoader(ForkedBooter.java:373)at org.apache.maven.surefire.booter.ForkedBooter.runSuitesInProcess(ForkedBooter.java:334)at org.apache.maven.surefire.booter.ForkedBooter.execute(ForkedBooter.java:119)at org.apache.maven.surefire.booter.ForkedBooter.main(ForkedBooter.java:407)]]>
            </full-stacktrace>
          </exception> <!-- java.lang.AssertionError -->
          <reporter-output>
          </reporter-output>
        </test-method> <!-- validateCotWithDrawersPage -->
        <test-method status="PASS" signature="tearDown()[pri:0, instance:IKEAProject.CotWithDrawersTest@503868]" name="tearDown" is-config="true" duration-ms="2995" started-at="2018-01-27T08:36:59Z" finished-at="2018-01-27T08:37:02Z">
          <reporter-output>
          </reporter-output>
        </test-method> <!-- tearDown -->
      </class> <!-- IKEAProject.CotWithDrawersTest -->
    </test> <!-- validate cotWithDrawersPage -->
    <test name="validate shoppingCartPage" duration-ms="88827" started-at="2018-01-27T07:37:02Z" finished-at="2018-01-27T07:38:31Z">
      <class name="IKEAProject.ShoppingCartPageTest">
        <test-method status="PASS" signature="Initialize()[pri:0, instance:IKEAProject.ShoppingCartPageTest@14e1a0f]" name="Initialize" is-config="true" duration-ms="9412" started-at="2018-01-27T08:37:02Z" finished-at="2018-01-27T08:37:11Z">
          <reporter-output>
          </reporter-output>
        </test-method> <!-- Initialize -->
        <test-method status="FAIL" signature="validateCotWithDrawersPage()[pri:0, instance:IKEAProject.ShoppingCartPageTest@14e1a0f]" name="validateCotWithDrawersPage" duration-ms="76878" started-at="2018-01-27T08:37:11Z" finished-at="2018-01-27T08:38:28Z">
          <exception class="java.lang.AssertionError">
            <message>
              <![CDATA[expected [true] but found [false]]]>
            </message>
            <full-stacktrace>
              <![CDATA[java.lang.AssertionError: expected [true] but found [false]at org.testng.Assert.fail(Assert.java:96)at org.testng.Assert.failNotEquals(Assert.java:776)at org.testng.Assert.assertTrue(Assert.java:44)at org.testng.Assert.assertTrue(Assert.java:54)at IKEAProject.ShoppingCartPageTest.validateCotWithDrawersPage(ShoppingCartPageTest.java:42)at sun.reflect.NativeMethodAccessorImpl.invoke0(Native Method)at sun.reflect.NativeMethodAccessorImpl.invoke(NativeMethodAccessorImpl.java:62)at sun.reflect.DelegatingMethodAccessorImpl.invoke(DelegatingMethodAccessorImpl.java:43)at java.lang.reflect.Method.invoke(Method.java:498)at org.testng.internal.MethodInvocationHelper.invokeMethod(MethodInvocationHelper.java:124)at org.testng.internal.Invoker.invokeMethod(Invoker.java:571)at org.testng.internal.Invoker.invokeTestMethod(Invoker.java:707)at org.testng.internal.Invoker.invokeTestMethods(Invoker.java:979)at org.testng.internal.TestMethodWorker.invokeTestMethods(TestMethodWorker.java:125)at org.testng.internal.TestMethodWorker.run(TestMethodWorker.java:109)at org.testng.TestRunner.privateRun(TestRunner.java:648)at org.testng.TestRunner.run(TestRunner.java:505)at org.testng.SuiteRunner.runTest(SuiteRunner.java:455)at org.testng.SuiteRunner.runSequentially(SuiteRunner.java:450)at org.testng.SuiteRunner.privateRun(SuiteRunner.java:415)at org.testng.SuiteRunner.run(SuiteRunner.java:364)at org.testng.SuiteRunnerWorker.runSuite(SuiteRunnerWorker.java:52)at org.testng.SuiteRunnerWorker.run(SuiteRunnerWorker.java:84)at org.testng.TestNG.runSuitesSequentially(TestNG.java:1187)at org.testng.TestNG.runSuitesLocally(TestNG.java:1116)at org.testng.TestNG.runSuites(TestNG.java:1028)at org.testng.TestNG.run(TestNG.java:996)at org.apache.maven.surefire.testng.TestNGExecutor.run(TestNGExecutor.java:283)at org.apache.maven.surefire.testng.TestNGXmlTestSuite.execute(TestNGXmlTestSuite.java:75)at org.apache.maven.surefire.testng.TestNGProvider.invoke(TestNGProvider.java:120)at org.apache.maven.surefire.booter.ForkedBooter.invokeProviderInSameClassLoader(ForkedBooter.java:373)at org.apache.maven.surefire.booter.ForkedBooter.runSuitesInProcess(ForkedBooter.java:334)at org.apache.maven.surefire.booter.ForkedBooter.execute(ForkedBooter.java:119)at org.apache.maven.surefire.booter.ForkedBooter.main(ForkedBooter.java:407)]]>
            </full-stacktrace>
          </exception> <!-- java.lang.AssertionError -->
          <reporter-output>
          </reporter-output>
        </test-method> <!-- validateCotWithDrawersPage -->
        <test-method status="PASS" signature="tearDown()[pri:0, instance:IKEAProject.ShoppingCartPageTest@14e1a0f]" name="tearDown" is-config="true" duration-ms="2534" started-at="2018-01-27T08:38:28Z" finished-at="2018-01-27T08:38:31Z">
          <reporter-output>
          </reporter-output>
        </test-method> <!-- tearDown -->
      </class> <!-- IKEAProject.ShoppingCartPageTest -->
    </test> <!-- validate shoppingCartPage -->
    <test name="validate checkoutPage" duration-ms="167686" started-at="2018-01-27T07:38:31Z" finished-at="2018-01-27T07:41:19Z">
      <class name="IKEAProject.CheckoutPageTest">
        <test-method status="PASS" signature="Initialize()[pri:0, instance:IKEAProject.CheckoutPageTest@1f65459]" name="Initialize" is-config="true" duration-ms="7667" started-at="2018-01-27T08:38:31Z" finished-at="2018-01-27T08:38:39Z">
          <reporter-output>
          </reporter-output>
        </test-method> <!-- Initialize -->
        <test-method status="PASS" signature="validateCotWithDrawersPage()[pri:0, instance:IKEAProject.CheckoutPageTest@1f65459]" name="validateCotWithDrawersPage" duration-ms="157165" started-at="2018-01-27T08:38:39Z" finished-at="2018-01-27T08:41:16Z">
          <reporter-output>
          </reporter-output>
        </test-method> <!-- validateCotWithDrawersPage -->
        <test-method status="PASS" signature="tearDown()[pri:0, instance:IKEAProject.CheckoutPageTest@1f65459]" name="tearDown" is-config="true" duration-ms="2853" started-at="2018-01-27T08:41:16Z" finished-at="2018-01-27T08:41:19Z">
          <reporter-output>
          </reporter-output>
        </test-method> <!-- tearDown -->
      </class> <!-- IKEAProject.CheckoutPageTest -->
    </test> <!-- validate checkoutPage -->
    <test name="Test7" duration-ms="0" started-at="2018-01-27T07:41:19Z" finished-at="2018-01-27T07:41:19Z">
    </test> <!-- Test7 -->
  </suite> <!-- Suite -->
</testng-results>
